<?xml version="1.0" encoding="UTF-8"?>
<<<<<<< HEAD
<testsuite xmlns:xsi="http://www.w3.org/2001/XMLSchema-instance" xsi:noNamespaceSchemaLocation="https://maven.apache.org/surefire/maven-surefire-plugin/xsd/surefire-test-report.xsd" name="edu.eci.cvds.patterns.AppTest" time="0.053" tests="1" errors="0" skipped="0" failures="0">
=======
<testsuite xmlns:xsi="http://www.w3.org/2001/XMLSchema-instance" xsi:noNamespaceSchemaLocation="https://maven.apache.org/surefire/maven-surefire-plugin/xsd/surefire-test-report.xsd" name="edu.eci.cvds.patterns.AppTest" time="0.263" tests="1" errors="0" skipped="0" failures="0">
>>>>>>> d1863c3471dfc4ac1fc1d87431651bed82383fef
  <properties>
    <property name="sun.desktop" value="windows"/>
    <property name="awt.toolkit" value="sun.awt.windows.WToolkit"/>
    <property name="java.specification.version" value="11"/>
    <property name="sun.cpu.isalist" value="amd64"/>
    <property name="sun.jnu.encoding" value="Cp1252"/>
    <property name="java.class.path" value="C:\Users\ADMINUSER\documents\ciclos\lab2\Patterns\target\test-classes;C:\Users\ADMINUSER\documents\ciclos\lab2\Patterns\target\classes;C:\Users\ADMINUSER\.m2\repository\junit\junit\4.11\junit-4.11.jar;C:\Users\ADMINUSER\.m2\repository\org\hamcrest\hamcrest-core\1.3\hamcrest-core-1.3.jar;"/>
    <property name="java.vm.vendor" value="AdoptOpenJDK"/>
    <property name="sun.arch.data.model" value="64"/>
    <property name="user.variant" value=""/>
    <property name="java.vendor.url" value="https://adoptopenjdk.net/"/>
    <property name="user.timezone" value="America/Bogota"/>
    <property name="java.vm.specification.version" value="11"/>
    <property name="os.name" value="Windows 10"/>
    <property name="sun.java.launcher" value="SUN_STANDARD"/>
<<<<<<< HEAD
    <property name="user.country" value="CO"/>
    <property name="sun.boot.library.path" value="C:\Program Files\AdoptOpenJDK\jdk-11.0.7.10-hotspot\bin"/>
    <property name="sun.java.command" value="C:\Users\ADMINU~1\AppData\Local\Temp\surefire2445761778242083579\surefirebooter14765341771151732318.jar C:\Users\ADMINUSER\AppData\Local\Temp\surefire2445761778242083579 2020-08-13T08-20-51_659-jvmRun1 surefire8748491330080931450tmp surefire_017953914859696974615tmp"/>
    <property name="jdk.debug" value="release"/>
    <property name="surefire.test.class.path" value="C:\Users\ADMINUSER\documents\ciclos\lab2\Patterns\target\test-classes;C:\Users\ADMINUSER\documents\ciclos\lab2\Patterns\target\classes;C:\Users\ADMINUSER\.m2\repository\junit\junit\4.11\junit-4.11.jar;C:\Users\ADMINUSER\.m2\repository\org\hamcrest\hamcrest-core\1.3\hamcrest-core-1.3.jar;"/>
=======
    <property name="sun.boot.library.path" value="C:\Program Files\Java\jdk1.8.0_251\jre\bin"/>
    <property name="sun.java.command" value="C:\Users\SANTIA~1\AppData\Local\Temp\surefire556383787835065731\surefirebooter1343824618906528272.jar C:\Users\Santiago Martínez\AppData\Local\Temp\surefire556383787835065731 2020-08-13T08-46-50_523-jvmRun1 surefire2563784227530074424tmp surefire_02421571681620793820tmp"/>
    <property name="surefire.test.class.path" value="C:\Users\Santiago Martínez\Desktop\Universidad\Ciclos\Lab2\Patterns\target\test-classes;C:\Users\Santiago Martínez\Desktop\Universidad\Ciclos\Lab2\Patterns\target\classes;C:\Users\Santiago Martínez\.m2\repository\junit\junit\4.11\junit-4.11.jar;C:\Users\Santiago Martínez\.m2\repository\org\hamcrest\hamcrest-core\1.3\hamcrest-core-1.3.jar;"/>
>>>>>>> d1863c3471dfc4ac1fc1d87431651bed82383fef
    <property name="sun.cpu.endian" value="little"/>
    <property name="user.home" value="C:\Users\ADMINUSER"/>
    <property name="user.language" value="es"/>
    <property name="java.specification.vendor" value="Oracle Corporation"/>
    <property name="java.version.date" value="2020-04-14"/>
    <property name="java.home" value="C:\Program Files\AdoptOpenJDK\jdk-11.0.7.10-hotspot"/>
    <property name="file.separator" value="\"/>
    <property name="basedir" value="C:\Users\ADMINUSER\documents\ciclos\lab2\Patterns"/>
    <property name="java.vm.compressedOopsMode" value="Zero based"/>
    <property name="line.separator" value="&#10;"/>
    <property name="java.specification.name" value="Java Platform API Specification"/>
    <property name="java.vm.specification.vendor" value="Oracle Corporation"/>
    <property name="java.awt.graphicsenv" value="sun.awt.Win32GraphicsEnvironment"/>
<<<<<<< HEAD
    <property name="surefire.real.class.path" value="C:\Users\ADMINU~1\AppData\Local\Temp\surefire2445761778242083579\surefirebooter14765341771151732318.jar"/>
=======
    <property name="surefire.real.class.path" value="C:\Users\SANTIA~1\AppData\Local\Temp\surefire556383787835065731\surefirebooter1343824618906528272.jar"/>
    <property name="sun.boot.class.path" value="C:\Program Files\Java\jdk1.8.0_251\jre\lib\resources.jar;C:\Program Files\Java\jdk1.8.0_251\jre\lib\rt.jar;C:\Program Files\Java\jdk1.8.0_251\jre\lib\sunrsasign.jar;C:\Program Files\Java\jdk1.8.0_251\jre\lib\jsse.jar;C:\Program Files\Java\jdk1.8.0_251\jre\lib\jce.jar;C:\Program Files\Java\jdk1.8.0_251\jre\lib\charsets.jar;C:\Program Files\Java\jdk1.8.0_251\jre\lib\jfr.jar;C:\Program Files\Java\jdk1.8.0_251\jre\classes"/>
>>>>>>> d1863c3471dfc4ac1fc1d87431651bed82383fef
    <property name="user.script" value=""/>
    <property name="sun.management.compiler" value="HotSpot 64-Bit Tiered Compilers"/>
    <property name="java.runtime.version" value="11.0.7+10"/>
    <property name="user.name" value="ADMINUSER"/>
    <property name="path.separator" value=";"/>
    <property name="os.version" value="10.0"/>
    <property name="java.runtime.name" value="OpenJDK Runtime Environment"/>
    <property name="file.encoding" value="Cp1252"/>
    <property name="java.vm.name" value="OpenJDK 64-Bit Server VM"/>
    <property name="java.vendor.version" value="AdoptOpenJDK"/>
    <property name="localRepository" value="C:\Users\ADMINUSER\.m2\repository"/>
    <property name="java.vendor.url.bug" value="https://github.com/AdoptOpenJDK/openjdk-support/issues"/>
    <property name="java.io.tmpdir" value="C:\Users\ADMINU~1\AppData\Local\Temp\"/>
    <property name="java.version" value="11.0.7"/>
    <property name="user.dir" value="C:\Users\ADMINUSER\documents\ciclos\lab2\Patterns"/>
    <property name="os.arch" value="amd64"/>
    <property name="java.vm.specification.name" value="Java Virtual Machine Specification"/>
    <property name="java.awt.printerjob" value="sun.awt.windows.WPrinterJob"/>
    <property name="sun.os.patch.level" value=""/>
    <property name="java.library.path" value="C:\Program Files\AdoptOpenJDK\jdk-11.0.7.10-hotspot\bin;C:\WINDOWS\Sun\Java\bin;C:\WINDOWS\system32;C:\WINDOWS;C:\Users\ADMINUSER\bin;C:\Program Files\Git\mingw64\bin;C:\Program Files\Git\usr\local\bin;C:\Program Files\Git\usr\bin;C:\Program Files\Git\usr\bin;C:\Program Files\Git\mingw64\bin;C:\Program Files\Git\usr\bin;C:\Users\ADMINUSER\bin;C:\Program Files\AdoptOpenJDK\jdk-11.0.7.10-hotspot\bin;C:\Program Files\Microsoft MPI\Bin;C:\Program Files (x86)\Common Files\Oracle\Java\javapath;C:\WINDOWS\system32;C:\WINDOWS;C:\WINDOWS\System32\Wbem;C:\WINDOWS\System32\WindowsPowerShell\v1.0;C:\Program Files\Microsoft SQL Server\Client SDK\ODBC\130\Tools\Binn;C:\Program Files (x86)\Microsoft SQL Server\140\Tools\Binn;C:\Program Files\Microsoft SQL Server\140\Tools\Binn;C:\Program Files\Microsoft SQL Server\140\DTS\Binn;C:\Program Files (x86)\Microsoft SQL Server\150\DTS\Binn;C:\Program Files (x86)\Microsoft SQL Server\140\DTS\Binn;C:\Program Files\dotnet;C:\Program Files\Microsoft SQL Server\130\Tools\Binn;C:\Program Files\Microsoft SQL Server\Client SDK\ODBC\170\Tools\Binn;C:\WINDOWS\System32\OpenSSH;C:\Users\ADMINUSER\AppData\Local\Programs\Python\Python36-32\Scripts;C:\Users\ADMINUSER\AppData\Local\Programs\Python\Python36-32;C:\Users\ADMINUSER\AppData\Local\Microsoft\WindowsApps;C:\Users\ADMINUSER\AppData\Local\Programs\Microsoft VS Cod;C:\Program Files (x86)\dotnet;C:\Program Files\Git\cmd;C:\Program Files\PuTTY;C:\Users\ADMINUSER\AppData\Local\Programs\Python\Python36-32\Scripts;C:\Users\ADMINUSER\AppData\Local\Programs\Python\Python36-32;C:\Users\ADMINUSER\AppData\Local\Microsoft\WindowsApps;C:\Users\ADMINUSER\AppData\Local\Programs\Microsoft VS Code\bin;C:\Users\ADMINUSER\.dotnet\tools;C:\Users\ADMINUSER\AppData\Local\atom\bin;C:\Users\ADMINUSER\AppData\Local\Microsoft\WindowsApps;C:\Gradle\gradle-6.5\bin;C:\Users\ADMINUSER\.dotnet\tools;C:\Users\ADMINUSER\Documents\apache-maven-3.6.3\bin;C:\Program Files\Git\usr\bin\vendor_perl;C:\Program Files\Git\usr\bin\core_perl;."/>
    <property name="java.vendor" value="AdoptOpenJDK"/>
    <property name="java.vm.info" value="mixed mode"/>
    <property name="java.vm.version" value="11.0.7+10"/>
    <property name="sun.io.unicode.encoding" value="UnicodeLittle"/>
    <property name="java.class.version" value="55.0"/>
  </properties>
<<<<<<< HEAD
  <testcase name="shouldAnswerWithTrue" classname="edu.eci.cvds.patterns.AppTest" time="0.002"/>
=======
  <testcase name="shouldAnswerWithTrue" classname="edu.eci.cvds.patterns.AppTest" time="0.005"/>
>>>>>>> d1863c3471dfc4ac1fc1d87431651bed82383fef
</testsuite>